<?xml version="1.0" encoding="UTF-8"?>
<!-- Generated by org.testng.reporters.JUnitReportReporter -->
<testsuite hostname="DESKTOP-GCC79CR" name="com.tests.regress.TestCase1" tests="1" failures="0" timestamp="6 Mar 2019 07:36:16 GMT" time="17.061" errors="0">
  <testcase name="smoke1" time="17.061" classname="com.tests.regress.TestCase1"/>
</testsuite> <!-- com.tests.regress.TestCase1 -->
