<?xml version="1.0" encoding="UTF-8"?>
<!-- Generated by org.testng.reporters.JUnitReportReporter -->
<testsuite skipped="0" hostname="DESKTOP-J47TJ88" name="com.tests.smoke.Smoke2" tests="1" failures="0" timestamp="13 мая 2019 12:27:47 GMT" time="38.412" errors="0">
  <testcase name="smoke1" time="38.412" classname="com.tests.smoke.Smoke2"/>
</testsuite> <!-- com.tests.smoke.Smoke2 -->
