<?xml version="1.0" encoding="UTF-8"?>
<!-- Generated by org.testng.reporters.JUnitReportReporter -->
<testsuite skipped="0" hostname="DESKTOP-J47TJ88" name="com.tests.smoke.Smoke_tko_23" tests="1" failures="0" timestamp="30 июл 2019 17:25:34 GMT" time="42.159" errors="0">
  <testcase name="smoke1" time="42.159" classname="com.tests.smoke.Smoke_tko_23"/>
</testsuite> <!-- com.tests.smoke.Smoke_tko_23 -->
