<?xml version="1.0" encoding="UTF-8"?>
<!-- Generated by org.testng.reporters.JUnitReportReporter -->
<testsuite skipped="0" hostname="DESKTOP-J47TJ88" name="com.tests.smoke.Smoke_tko_25" tests="1" failures="0" timestamp="24 июл 2019 07:07:40 GMT" time="31.896" errors="0">
  <testcase name="smoke1" time="31.896" classname="com.tests.smoke.Smoke_tko_25"/>
</testsuite> <!-- com.tests.smoke.Smoke_tko_25 -->
