<?xml version="1.0" encoding="UTF-8"?>
<!-- Generated by org.testng.reporters.JUnitReportReporter -->
<testsuite skipped="0" hostname="DESKTOP-J47TJ88" name="com.tests.smoke.Smoke_tko_5" tests="1" failures="0" timestamp="23 июл 2019 06:03:18 GMT" time="25.943" errors="0">
  <testcase name="smoke1" time="25.943" classname="com.tests.smoke.Smoke_tko_5"/>
</testsuite> <!-- com.tests.smoke.Smoke_tko_5 -->
