<?xml version="1.0" encoding="UTF-8"?>
<!-- Generated by org.testng.reporters.JUnitReportReporter -->
<testsuite skipped="0" hostname="DESKTOP-J47TJ88" name="com.tests.smoke.Smoke_tko_2" tests="1" failures="0" timestamp="07 авг 2019 06:20:39 GMT" time="27.310" errors="0">
  <testcase name="smoke1" time="27.310" classname="com.tests.smoke.Smoke_tko_2"/>
</testsuite> <!-- com.tests.smoke.Smoke_tko_2 -->
