<?xml version="1.0" encoding="UTF-8"?>
<!-- Generated by org.testng.reporters.JUnitReportReporter -->
<testsuite skipped="0" hostname="DESKTOP-J47TJ88" name="com.tests.smoke.Smoke_tko_1" tests="1" failures="0" timestamp="26 июл 2019 09:01:08 GMT" time="26.154" errors="0">
  <testcase name="smoke1" time="26.154" classname="com.tests.smoke.Smoke_tko_1"/>
</testsuite> <!-- com.tests.smoke.Smoke_tko_1 -->
