<?xml version="1.0" encoding="UTF-8"?>
<!-- Generated by org.testng.reporters.JUnitReportReporter -->
<testsuite skipped="0" hostname="DESKTOP-J47TJ88" name="com.tests.smoke.Smoke3" tests="1" failures="0" timestamp="13 мая 2019 14:27:39 GMT" time="39.267" errors="0">
  <testcase name="smoke1" time="39.267" classname="com.tests.smoke.Smoke3"/>
</testsuite> <!-- com.tests.smoke.Smoke3 -->
