<?xml version="1.0" encoding="UTF-8"?>
<!-- Generated by org.testng.reporters.JUnitReportReporter -->
<testsuite skipped="0" hostname="DESKTOP-J47TJ88" name="com.tests.smoke.Smoke_tko_27" tests="1" failures="0" timestamp="01 авг 2019 16:23:59 GMT" time="20.440" errors="0">
  <testcase name="smoke1" time="20.440" classname="com.tests.smoke.Smoke_tko_27"/>
</testsuite> <!-- com.tests.smoke.Smoke_tko_27 -->
