<?xml version="1.0" encoding="UTF-8"?>
<!-- Generated by org.testng.reporters.JUnitReportReporter -->
<testsuite skipped="0" hostname="DESKTOP-J47TJ88" name="com.tests.smoke.Smoke_tko_25" tests="1" failures="0" timestamp="31 июл 2019 10:52:12 GMT" time="37.078" errors="0">
  <testcase name="smoke1" time="37.078" classname="com.tests.smoke.Smoke_tko_25"/>
</testsuite> <!-- com.tests.smoke.Smoke_tko_25 -->
