<?xml version="1.0" encoding="UTF-8"?>
<!-- Generated by org.testng.reporters.JUnitReportReporter -->
<testsuite skipped="0" hostname="DESKTOP-J47TJ88" name="com.tests.smoke.Smoke_tko_15" tests="1" failures="0" timestamp="2020-11-09T17:04:13 GMT+06:00" time="15.621" errors="0">
  <testcase name="smoke1" time="15.621" classname="com.tests.smoke.Smoke_tko_15"/>
  <system-out>
</details></b> <a href=..\videos\smoke1.WMV download="filename">Download video</a> <video width="320" height="240" controls>
  <source src="..\videos\smoke1.WMV" type="video/wmv">
</video> <br><b><div align="left" style=" height:30px; width:250px; padding: 10px;  border: 2px solid gray; margin: 0; background-color:#19FF3A;">Class - Smoke_tko_15 TEST - smoke1 OK! chrome</div></b>  </system-out>
</testsuite> <!-- com.tests.smoke.Smoke_tko_15 -->
