<?xml version="1.0" encoding="UTF-8"?>
<!-- Generated by org.testng.reporters.JUnitReportReporter -->
<testsuite skipped="0" hostname="DESKTOP-J47TJ88" name="com.tests.smoke.Smoke_tko_97" tests="1" failures="0" timestamp="08 авг 2019 06:02:51 GMT" time="34.696" errors="0">
  <testcase name="smoke1" time="34.696" classname="com.tests.smoke.Smoke_tko_97"/>
</testsuite> <!-- com.tests.smoke.Smoke_tko_97 -->
