<?xml version="1.0" encoding="UTF-8"?>
<!-- Generated by org.testng.reporters.JUnitReportReporter -->
<testsuite skipped="0" hostname="DESKTOP-J47TJ88" name="com.tests.smoke.Smoke_tko_10" tests="1" failures="0" timestamp="25 июл 2019 08:53:12 GMT" time="26.531" errors="0">
  <testcase name="smoke1" time="26.531" classname="com.tests.smoke.Smoke_tko_10"/>
</testsuite> <!-- com.tests.smoke.Smoke_tko_10 -->
