<?xml version="1.0" encoding="UTF-8"?>
<!-- Generated by org.testng.reporters.JUnitReportReporter -->
<testsuite skipped="0" hostname="DESKTOP-J47TJ88" name="com.tests.smoke.Smoke_tko_24" tests="1" failures="0" timestamp="31 июл 2019 07:44:26 GMT" time="44.520" errors="0">
  <testcase name="smoke1" time="44.520" classname="com.tests.smoke.Smoke_tko_24"/>
</testsuite> <!-- com.tests.smoke.Smoke_tko_24 -->
