<?xml version="1.0" encoding="UTF-8"?>
<!-- Generated by org.testng.reporters.JUnitReportReporter -->
<testsuite skipped="0" hostname="DESKTOP-J47TJ88" name="com.tests.smoke.Smoke_tko_4" tests="1" failures="0" timestamp="12 июл 2019 17:53:01 GMT" time="21.835" errors="0">
  <testcase name="smoke1" time="21.835" classname="com.tests.smoke.Smoke_tko_4"/>
</testsuite> <!-- com.tests.smoke.Smoke_tko_4 -->
