<?xml version="1.0" encoding="UTF-8"?>
<!-- Generated by org.testng.reporters.JUnitReportReporter -->
<testsuite skipped="0" hostname="DESKTOP-GCC79CR" name="com.tests.regress.TestCase1" tests="3" failures="0" timestamp="07 мар 2019 08:46:42 GMT" time="43.553" errors="0">
  <testcase name="smoke1" time="31.364" classname="com.tests.regress.TestCase1"/>
  <testcase name="smoke2" time="6.023" classname="com.tests.regress.TestCase1"/>
  <testcase name="smoke3" time="6.166" classname="com.tests.regress.TestCase1"/>
</testsuite> <!-- com.tests.regress.TestCase1 -->
