<?xml version="1.0" encoding="UTF-8"?>
<!-- Generated by org.testng.reporters.JUnitReportReporter -->
<testsuite skipped="0" hostname="DESKTOP-J47TJ88" name="com.tests.smoke.Smoke_tko_28" tests="1" failures="0" timestamp="12 авг 2019 17:04:24 GMT" time="23.319" errors="0">
  <testcase name="smoke1" time="23.319" classname="com.tests.smoke.Smoke_tko_28"/>
</testsuite> <!-- com.tests.smoke.Smoke_tko_28 -->
