<?xml version="1.0" encoding="UTF-8"?>
<!-- Generated by org.testng.reporters.JUnitReportReporter -->
<testsuite skipped="0" hostname="DESKTOP-J47TJ88" name="com.tests.smoke.Smoke1" tests="1" failures="0" timestamp="13 мая 2019 12:16:06 GMT" time="37.317" errors="0">
  <testcase name="smoke1" time="37.317" classname="com.tests.smoke.Smoke1"/>
</testsuite> <!-- com.tests.smoke.Smoke1 -->
