<?xml version="1.0" encoding="UTF-8"?>
<!-- Generated by org.testng.reporters.JUnitReportReporter -->
<testsuite skipped="0" hostname="DESKTOP-OBQRPCJ" name="com.tests.smoke.Smoke_5_1" tests="1" failures="0" timestamp="20 мая 2019 14:19:10 GMT" time="20.835" errors="0">
  <testcase name="smoke1" time="20.835" classname="com.tests.smoke.Smoke_5_1"/>
</testsuite> <!-- com.tests.smoke.Smoke_5_1 -->
