<?xml version="1.0" encoding="UTF-8"?>
<!-- Generated by org.testng.reporters.JUnitReportReporter -->
<testsuite skipped="0" hostname="DESKTOP-J47TJ88" name="com.tests.smoke.Smoke4" tests="1" failures="0" timestamp="13 мая 2019 17:20:55 GMT" time="56.155" errors="0">
  <testcase name="smoke1" time="56.155" classname="com.tests.smoke.Smoke4"/>
</testsuite> <!-- com.tests.smoke.Smoke4 -->
