<?xml version="1.0" encoding="UTF-8"?>
<!-- Generated by org.testng.reporters.JUnitReportReporter -->
<testsuite skipped="0" hostname="DESKTOP-J47TJ88" name="com.tests.smoke.Smoke_tko_14" tests="1" failures="0" timestamp="16 июл 2019 05:33:39 GMT" time="106.390" errors="0">
  <testcase name="smoke1" time="106.390" classname="com.tests.smoke.Smoke_tko_14"/>
</testsuite> <!-- com.tests.smoke.Smoke_tko_14 -->
