<?xml version="1.0" encoding="UTF-8"?>
<!-- Generated by org.testng.reporters.JUnitReportReporter -->
<testsuite skipped="0" hostname="DESKTOP-J47TJ88" name="com.tests.smoke.Smoke_tko_2" tests="1" failures="0" timestamp="22 июл 2019 06:53:36 GMT" time="26.533" errors="0">
  <testcase name="smoke1" time="26.533" classname="com.tests.smoke.Smoke_tko_2"/>
</testsuite> <!-- com.tests.smoke.Smoke_tko_2 -->
