<?xml version="1.0" encoding="UTF-8"?>
<!-- Generated by org.testng.reporters.JUnitReportReporter -->
<testsuite skipped="0" hostname="DESKTOP-J47TJ88" name="com.tests.smoke.Smoke_tko_22" tests="1" failures="1" timestamp="17 июл 2019 16:53:31 GMT" time="82.921" errors="0">
  <testcase name="smoke1" time="82.921" classname="com.tests.smoke.Smoke_tko_22">
    <failure type="com.codeborne.selenide.ex.ElementShould" message="Element should be visible {By.xpath: (//div[@class=&#039;v-table-cell-wrapper&#039;])[5]}
Element: &#039;&lt;div class=&quot;v-table-cell-wrapper&quot; displayed:false&gt;&lt;/div&gt;&#039;">
      <![CDATA[Element should be visible {By.xpath: (//div[@class='v-table-cell-wrapper'])[5]}
Element: '<div class="v-table-cell-wrapper" displayed:false></div>'
Screenshot: file:/C:/Users/Home/git/AutoTestTKO/TKO/build/reports/tests/1563382410241.0.png
Page source: file:/C:/Users/Home/git/AutoTestTKO/TKO/build/reports/tests/1563382410241.0.html
Timeout: 5 s.
at com.codeborne.selenide.impl.WebElementSource.checkCondition(WebElementSource.java:72)
at com.codeborne.selenide.commands.Should.should(Should.java:35)
at com.codeborne.selenide.commands.Should.execute(Should.java:29)
at com.codeborne.selenide.commands.Should.execute(Should.java:12)
at com.codeborne.selenide.commands.Commands.execute(Commands.java:144)
at com.codeborne.selenide.impl.SelenideElementProxy.dispatchAndRetry(SelenideElementProxy.java:99)
at com.codeborne.selenide.impl.SelenideElementProxy.invoke(SelenideElementProxy.java:65)
at com.sun.proxy.$Proxy10.waitUntil(Unknown Source)
at com.pages.tko_22_RejectProperty.choiceRuquest(tko_22_RejectProperty.java:106)
at com.pages.tko_22_RejectProperty.request(tko_22_RejectProperty.java:216)
at com.pages.tko_22_RejectProperty.RejectProperty(tko_22_RejectProperty.java:248)
at com.tests.smoke.Smoke_tko_22.smoke1(Smoke_tko_22.java:18)
at sun.reflect.NativeMethodAccessorImpl.invoke0(Native Method)
at sun.reflect.NativeMethodAccessorImpl.invoke(Unknown Source)
at sun.reflect.DelegatingMethodAccessorImpl.invoke(Unknown Source)
at java.lang.reflect.Method.invoke(Unknown Source)
at org.testng.internal.MethodInvocationHelper.invokeMethod(MethodInvocationHelper.java:124)
at org.testng.internal.Invoker.invokeMethod(Invoker.java:583)
at org.testng.internal.Invoker.invokeTestMethod(Invoker.java:719)
at org.testng.internal.Invoker.invokeTestMethods(Invoker.java:989)
at org.testng.internal.TestMethodWorker.invokeTestMethods(TestMethodWorker.java:125)
at org.testng.internal.TestMethodWorker.run(TestMethodWorker.java:109)
at org.testng.TestRunner.privateRun(TestRunner.java:648)
at org.testng.TestRunner.run(TestRunner.java:505)
at org.testng.SuiteRunner.runTest(SuiteRunner.java:455)
at org.testng.SuiteRunner.runSequentially(SuiteRunner.java:450)
at org.testng.SuiteRunner.privateRun(SuiteRunner.java:415)
at org.testng.SuiteRunner.run(SuiteRunner.java:364)
at org.testng.SuiteRunnerWorker.runSuite(SuiteRunnerWorker.java:52)
at org.testng.SuiteRunnerWorker.run(SuiteRunnerWorker.java:84)
at org.testng.TestNG.runSuitesSequentially(TestNG.java:1208)
at org.testng.TestNG.runSuitesLocally(TestNG.java:1137)
at org.testng.TestNG.runSuites(TestNG.java:1049)
at org.testng.TestNG.run(TestNG.java:1017)
at org.testng.remote.AbstractRemoteTestNG.run(AbstractRemoteTestNG.java:115)
at org.testng.remote.RemoteTestNG.initAndRun(RemoteTestNG.java:251)
at org.testng.remote.RemoteTestNG.main(RemoteTestNG.java:77)
]]>
    </failure>
  </testcase> <!-- smoke1 -->
</testsuite> <!-- com.tests.smoke.Smoke_tko_22 -->
