<?xml version="1.0" encoding="UTF-8"?>
<!-- Generated by org.testng.reporters.JUnitReportReporter -->
<testsuite skipped="0" hostname="DESKTOP-J47TJ88" name="com.tests.smoke.Smoke_tko_9" tests="1" failures="0" timestamp="01 авг 2019 07:23:12 GMT" time="33.232" errors="0">
  <testcase name="smoke1" time="33.232" classname="com.tests.smoke.Smoke_tko_9"/>
</testsuite> <!-- com.tests.smoke.Smoke_tko_9 -->
