<?xml version="1.0" encoding="UTF-8"?>
<!-- Generated by org.testng.reporters.JUnitReportReporter -->
<testsuite skipped="0" hostname="DESKTOP-J47TJ88" name="com.tests.smoke.Smoke_tko_96" tests="1" failures="0" timestamp="26 авг 2019 03:58:08 GMT" time="63.765" errors="0">
  <testcase name="smoke1" time="63.765" classname="com.tests.smoke.Smoke_tko_96"/>
</testsuite> <!-- com.tests.smoke.Smoke_tko_96 -->
