<?xml version="1.0" encoding="UTF-8"?>
<!-- Generated by org.testng.reporters.JUnitReportReporter -->
<testsuite skipped="0" hostname="DESKTOP-J47TJ88" name="com.tests.smoke.Smoke_tko_6" tests="1" failures="0" timestamp="12 июл 2019 18:04:02 GMT" time="39.941" errors="0">
  <testcase name="smoke1" time="39.941" classname="com.tests.smoke.Smoke_tko_6"/>
</testsuite> <!-- com.tests.smoke.Smoke_tko_6 -->
