<?xml version="1.0" encoding="UTF-8"?>
<!-- Generated by org.testng.reporters.JUnitReportReporter -->
<testsuite skipped="0" hostname="DESKTOP-J47TJ88" name="com.tests.smoke.Smoke_tko_13" tests="1" failures="0" timestamp="01 авг 2019 07:14:55 GMT" time="119.951" errors="0">
  <testcase name="smoke1" time="119.951" classname="com.tests.smoke.Smoke_tko_13"/>
</testsuite> <!-- com.tests.smoke.Smoke_tko_13 -->
