<?xml version="1.0" encoding="UTF-8"?>
<!-- Generated by org.testng.reporters.JUnitReportReporter -->
<testsuite skipped="0" hostname="DESKTOP-J47TJ88" name="com.tests.smoke.Smoke_tko_19" tests="1" failures="0" timestamp="24 июл 2019 07:44:32 GMT" time="99.327" errors="0">
  <testcase name="smoke1" time="99.327" classname="com.tests.smoke.Smoke_tko_19"/>
</testsuite> <!-- com.tests.smoke.Smoke_tko_19 -->
