<?xml version="1.0" encoding="UTF-8"?>
<!-- Generated by org.testng.reporters.JUnitReportReporter -->
<testsuite skipped="0" hostname="DESKTOP-J47TJ88" name="com.tests.smoke.Smoke_tko_26" tests="1" failures="0" timestamp="31 июл 2019 10:30:44 GMT" time="55.485" errors="0">
  <testcase name="smoke1" time="55.485" classname="com.tests.smoke.Smoke_tko_26"/>
</testsuite> <!-- com.tests.smoke.Smoke_tko_26 -->
