<?xml version="1.0" encoding="UTF-8"?>
<!-- Generated by org.testng.reporters.JUnitReportReporter -->
<testsuite skipped="0" hostname="DESKTOP-J47TJ88" name="com.tests.smoke.Smoke_tko_15" tests="1" failures="0" timestamp="29 июл 2019 15:02:42 GMT" time="12.672" errors="0">
  <testcase name="smoke1" time="12.672" classname="com.tests.smoke.Smoke_tko_15"/>
</testsuite> <!-- com.tests.smoke.Smoke_tko_15 -->
