<?xml version="1.0" encoding="UTF-8"?>
<!-- Generated by org.testng.reporters.JUnitReportReporter -->
<testsuite skipped="0" hostname="DESKTOP-J47TJ88" name="com.tests.smoke.Smoke_1" tests="1" failures="0" timestamp="02 июл 2019 06:32:57 GMT" time="24.652" errors="0">
  <testcase name="smoke1" time="24.652" classname="com.tests.smoke.Smoke_1"/>
</testsuite> <!-- com.tests.smoke.Smoke_1 -->
